[2026-01-05T14:26:15.332+0000] {processor.py:161} INFO - Started process (PID=45) to work on /opt/airflow/dags/exampledag.py
[2026-01-05T14:26:15.334+0000] {processor.py:830} INFO - Processing file /opt/airflow/dags/exampledag.py for tasks to queue
[2026-01-05T14:26:15.336+0000] {logging_mixin.py:188} INFO - [2026-01-05T14:26:15.335+0000] {dagbag.py:538} INFO - Filling up the DagBag from /opt/airflow/dags/exampledag.py
[2026-01-05T14:26:15.367+0000] {logging_mixin.py:188} INFO - [2026-01-05T14:26:15.363+0000] {dagbag.py:348} ERROR - Failed to import: /opt/airflow/dags/exampledag.py
Traceback (most recent call last):
  File "/home/airflow/.local/lib/python3.8/site-packages/airflow/models/dagbag.py", line 344, in parse
    loader.exec_module(new_module)
  File "<frozen importlib._bootstrap_external>", line 843, in exec_module
  File "<frozen importlib._bootstrap>", line 219, in _call_with_frames_removed
  File "/opt/airflow/dags/exampledag.py", line 23, in <module>
    from airflow.sdk import Asset, dag, task
ModuleNotFoundError: No module named 'airflow.sdk'
[2026-01-05T14:26:15.368+0000] {processor.py:842} WARNING - No viable dags retrieved from /opt/airflow/dags/exampledag.py
[2026-01-05T14:26:15.394+0000] {processor.py:183} INFO - Processing /opt/airflow/dags/exampledag.py took 0.065 seconds
[2026-01-05T14:26:45.558+0000] {processor.py:161} INFO - Started process (PID=57) to work on /opt/airflow/dags/exampledag.py
[2026-01-05T14:26:45.559+0000] {processor.py:830} INFO - Processing file /opt/airflow/dags/exampledag.py for tasks to queue
[2026-01-05T14:26:45.561+0000] {logging_mixin.py:188} INFO - [2026-01-05T14:26:45.561+0000] {dagbag.py:538} INFO - Filling up the DagBag from /opt/airflow/dags/exampledag.py
[2026-01-05T14:26:45.579+0000] {logging_mixin.py:188} INFO - [2026-01-05T14:26:45.574+0000] {dagbag.py:348} ERROR - Failed to import: /opt/airflow/dags/exampledag.py
Traceback (most recent call last):
  File "/home/airflow/.local/lib/python3.8/site-packages/airflow/models/dagbag.py", line 344, in parse
    loader.exec_module(new_module)
  File "<frozen importlib._bootstrap_external>", line 843, in exec_module
  File "<frozen importlib._bootstrap>", line 219, in _call_with_frames_removed
  File "/opt/airflow/dags/exampledag.py", line 23, in <module>
    from airflow.sdk import Asset, dag, task
ModuleNotFoundError: No module named 'airflow.sdk'
[2026-01-05T14:26:45.580+0000] {processor.py:842} WARNING - No viable dags retrieved from /opt/airflow/dags/exampledag.py
[2026-01-05T14:26:45.598+0000] {processor.py:183} INFO - Processing /opt/airflow/dags/exampledag.py took 0.042 seconds
[2026-01-05T14:27:16.900+0000] {processor.py:161} INFO - Started process (PID=60) to work on /opt/airflow/dags/exampledag.py
[2026-01-05T14:27:16.901+0000] {processor.py:830} INFO - Processing file /opt/airflow/dags/exampledag.py for tasks to queue
[2026-01-05T14:27:16.903+0000] {logging_mixin.py:188} INFO - [2026-01-05T14:27:16.903+0000] {dagbag.py:538} INFO - Filling up the DagBag from /opt/airflow/dags/exampledag.py
[2026-01-05T14:27:16.911+0000] {logging_mixin.py:188} INFO - [2026-01-05T14:27:16.909+0000] {dagbag.py:348} ERROR - Failed to import: /opt/airflow/dags/exampledag.py
Traceback (most recent call last):
  File "/home/airflow/.local/lib/python3.8/site-packages/airflow/models/dagbag.py", line 344, in parse
    loader.exec_module(new_module)
  File "<frozen importlib._bootstrap_external>", line 843, in exec_module
  File "<frozen importlib._bootstrap>", line 219, in _call_with_frames_removed
  File "/opt/airflow/dags/exampledag.py", line 23, in <module>
    from airflow.sdk import Asset, dag, task
ModuleNotFoundError: No module named 'airflow.sdk'
[2026-01-05T14:27:16.912+0000] {processor.py:842} WARNING - No viable dags retrieved from /opt/airflow/dags/exampledag.py
[2026-01-05T14:27:16.938+0000] {processor.py:183} INFO - Processing /opt/airflow/dags/exampledag.py took 0.040 seconds
[2026-01-05T14:27:47.354+0000] {processor.py:161} INFO - Started process (PID=63) to work on /opt/airflow/dags/exampledag.py
[2026-01-05T14:27:47.355+0000] {processor.py:830} INFO - Processing file /opt/airflow/dags/exampledag.py for tasks to queue
[2026-01-05T14:27:47.357+0000] {logging_mixin.py:188} INFO - [2026-01-05T14:27:47.357+0000] {dagbag.py:538} INFO - Filling up the DagBag from /opt/airflow/dags/exampledag.py
[2026-01-05T14:27:47.366+0000] {logging_mixin.py:188} INFO - [2026-01-05T14:27:47.364+0000] {dagbag.py:348} ERROR - Failed to import: /opt/airflow/dags/exampledag.py
Traceback (most recent call last):
  File "/home/airflow/.local/lib/python3.8/site-packages/airflow/models/dagbag.py", line 344, in parse
    loader.exec_module(new_module)
  File "<frozen importlib._bootstrap_external>", line 843, in exec_module
  File "<frozen importlib._bootstrap>", line 219, in _call_with_frames_removed
  File "/opt/airflow/dags/exampledag.py", line 23, in <module>
    from airflow.sdk import Asset, dag, task
ModuleNotFoundError: No module named 'airflow.sdk'
[2026-01-05T14:27:47.367+0000] {processor.py:842} WARNING - No viable dags retrieved from /opt/airflow/dags/exampledag.py
[2026-01-05T14:27:47.389+0000] {processor.py:183} INFO - Processing /opt/airflow/dags/exampledag.py took 0.037 seconds
[2026-01-05T14:28:18.324+0000] {processor.py:161} INFO - Started process (PID=66) to work on /opt/airflow/dags/exampledag.py
[2026-01-05T14:28:18.325+0000] {processor.py:830} INFO - Processing file /opt/airflow/dags/exampledag.py for tasks to queue
[2026-01-05T14:28:18.328+0000] {logging_mixin.py:188} INFO - [2026-01-05T14:28:18.327+0000] {dagbag.py:538} INFO - Filling up the DagBag from /opt/airflow/dags/exampledag.py
[2026-01-05T14:28:18.351+0000] {logging_mixin.py:188} INFO - [2026-01-05T14:28:18.347+0000] {dagbag.py:348} ERROR - Failed to import: /opt/airflow/dags/exampledag.py
Traceback (most recent call last):
  File "/home/airflow/.local/lib/python3.8/site-packages/airflow/models/dagbag.py", line 344, in parse
    loader.exec_module(new_module)
  File "<frozen importlib._bootstrap_external>", line 843, in exec_module
  File "<frozen importlib._bootstrap>", line 219, in _call_with_frames_removed
  File "/opt/airflow/dags/exampledag.py", line 23, in <module>
    from airflow.sdk import Asset, dag, task
ModuleNotFoundError: No module named 'airflow.sdk'
[2026-01-05T14:28:18.353+0000] {processor.py:842} WARNING - No viable dags retrieved from /opt/airflow/dags/exampledag.py
[2026-01-05T14:28:18.378+0000] {processor.py:183} INFO - Processing /opt/airflow/dags/exampledag.py took 0.057 seconds
[2026-01-05T14:28:48.609+0000] {processor.py:161} INFO - Started process (PID=69) to work on /opt/airflow/dags/exampledag.py
[2026-01-05T14:28:48.610+0000] {processor.py:830} INFO - Processing file /opt/airflow/dags/exampledag.py for tasks to queue
[2026-01-05T14:28:48.612+0000] {logging_mixin.py:188} INFO - [2026-01-05T14:28:48.612+0000] {dagbag.py:538} INFO - Filling up the DagBag from /opt/airflow/dags/exampledag.py
[2026-01-05T14:28:48.621+0000] {logging_mixin.py:188} INFO - [2026-01-05T14:28:48.619+0000] {dagbag.py:348} ERROR - Failed to import: /opt/airflow/dags/exampledag.py
Traceback (most recent call last):
  File "/home/airflow/.local/lib/python3.8/site-packages/airflow/models/dagbag.py", line 344, in parse
    loader.exec_module(new_module)
  File "<frozen importlib._bootstrap_external>", line 843, in exec_module
  File "<frozen importlib._bootstrap>", line 219, in _call_with_frames_removed
  File "/opt/airflow/dags/exampledag.py", line 23, in <module>
    from airflow.sdk import Asset, dag, task
ModuleNotFoundError: No module named 'airflow.sdk'
[2026-01-05T14:28:48.622+0000] {processor.py:842} WARNING - No viable dags retrieved from /opt/airflow/dags/exampledag.py
[2026-01-05T14:28:48.639+0000] {processor.py:183} INFO - Processing /opt/airflow/dags/exampledag.py took 0.032 seconds
[2026-01-05T14:29:18.860+0000] {processor.py:161} INFO - Started process (PID=72) to work on /opt/airflow/dags/exampledag.py
[2026-01-05T14:29:18.861+0000] {processor.py:830} INFO - Processing file /opt/airflow/dags/exampledag.py for tasks to queue
[2026-01-05T14:29:18.864+0000] {logging_mixin.py:188} INFO - [2026-01-05T14:29:18.863+0000] {dagbag.py:538} INFO - Filling up the DagBag from /opt/airflow/dags/exampledag.py
[2026-01-05T14:29:18.884+0000] {logging_mixin.py:188} INFO - [2026-01-05T14:29:18.879+0000] {dagbag.py:348} ERROR - Failed to import: /opt/airflow/dags/exampledag.py
Traceback (most recent call last):
  File "/home/airflow/.local/lib/python3.8/site-packages/airflow/models/dagbag.py", line 344, in parse
    loader.exec_module(new_module)
  File "<frozen importlib._bootstrap_external>", line 843, in exec_module
  File "<frozen importlib._bootstrap>", line 219, in _call_with_frames_removed
  File "/opt/airflow/dags/exampledag.py", line 23, in <module>
    from airflow.sdk import Asset, dag, task
ModuleNotFoundError: No module named 'airflow.sdk'
[2026-01-05T14:29:18.886+0000] {processor.py:842} WARNING - No viable dags retrieved from /opt/airflow/dags/exampledag.py
[2026-01-05T14:29:18.904+0000] {processor.py:183} INFO - Processing /opt/airflow/dags/exampledag.py took 0.047 seconds
[2026-01-05T14:29:50.063+0000] {processor.py:161} INFO - Started process (PID=75) to work on /opt/airflow/dags/exampledag.py
[2026-01-05T14:29:50.065+0000] {processor.py:830} INFO - Processing file /opt/airflow/dags/exampledag.py for tasks to queue
[2026-01-05T14:29:50.068+0000] {logging_mixin.py:188} INFO - [2026-01-05T14:29:50.067+0000] {dagbag.py:538} INFO - Filling up the DagBag from /opt/airflow/dags/exampledag.py
[2026-01-05T14:29:50.089+0000] {logging_mixin.py:188} INFO - [2026-01-05T14:29:50.085+0000] {dagbag.py:348} ERROR - Failed to import: /opt/airflow/dags/exampledag.py
Traceback (most recent call last):
  File "/home/airflow/.local/lib/python3.8/site-packages/airflow/models/dagbag.py", line 344, in parse
    loader.exec_module(new_module)
  File "<frozen importlib._bootstrap_external>", line 843, in exec_module
  File "<frozen importlib._bootstrap>", line 219, in _call_with_frames_removed
  File "/opt/airflow/dags/exampledag.py", line 23, in <module>
    from airflow.sdk import Asset, dag, task
ModuleNotFoundError: No module named 'airflow.sdk'
[2026-01-05T14:29:50.090+0000] {processor.py:842} WARNING - No viable dags retrieved from /opt/airflow/dags/exampledag.py
[2026-01-05T14:29:50.110+0000] {processor.py:183} INFO - Processing /opt/airflow/dags/exampledag.py took 0.050 seconds
[2026-01-05T14:30:20.493+0000] {processor.py:161} INFO - Started process (PID=78) to work on /opt/airflow/dags/exampledag.py
[2026-01-05T14:30:20.495+0000] {processor.py:830} INFO - Processing file /opt/airflow/dags/exampledag.py for tasks to queue
[2026-01-05T14:30:20.497+0000] {logging_mixin.py:188} INFO - [2026-01-05T14:30:20.496+0000] {dagbag.py:538} INFO - Filling up the DagBag from /opt/airflow/dags/exampledag.py
[2026-01-05T14:30:20.517+0000] {logging_mixin.py:188} INFO - [2026-01-05T14:30:20.512+0000] {dagbag.py:348} ERROR - Failed to import: /opt/airflow/dags/exampledag.py
Traceback (most recent call last):
  File "/home/airflow/.local/lib/python3.8/site-packages/airflow/models/dagbag.py", line 344, in parse
    loader.exec_module(new_module)
  File "<frozen importlib._bootstrap_external>", line 843, in exec_module
  File "<frozen importlib._bootstrap>", line 219, in _call_with_frames_removed
  File "/opt/airflow/dags/exampledag.py", line 23, in <module>
    from airflow.sdk import Asset, dag, task
ModuleNotFoundError: No module named 'airflow.sdk'
[2026-01-05T14:30:20.518+0000] {processor.py:842} WARNING - No viable dags retrieved from /opt/airflow/dags/exampledag.py
[2026-01-05T14:30:20.540+0000] {processor.py:183} INFO - Processing /opt/airflow/dags/exampledag.py took 0.049 seconds
