[2026-01-05T14:26:10.573+0000] {manager.py:469} INFO - Processing files using up to 1 processes at a time 
[2026-01-05T14:26:10.574+0000] {manager.py:470} INFO - Process each file at most once every 30 seconds
[2026-01-05T14:26:10.575+0000] {manager.py:471} INFO - Checking for new files in /opt/airflow/dags every 300 seconds
[2026-01-05T14:26:10.576+0000] {manager.py:738} INFO - Searching for files in /opt/airflow/dags
[2026-01-05T14:26:10.627+0000] {manager.py:741} INFO - There are 3 files in /opt/airflow/dags
[2026-01-05T14:26:12.667+0000] {manager.py:879} INFO - 
================================================================================
DAG File Processing Stats

File Path                                          PID    Runtime      # DAGs    # Errors  Last Runtime    Last Run
-------------------------------------------------  -----  ---------  --------  ----------  --------------  -------------------
/opt/airflow/dags/ecommerce_data_pipeline_data.py                           0           0
/opt/airflow/dags/exampledag.py                                             0           0
/opt/airflow/dags/test.py                                                   1           0  0.42s           2026-01-05T14:26:12
================================================================================
[2026-01-05T14:26:41.444+0000] {manager.py:879} INFO - 
================================================================================
DAG File Processing Stats

File Path                                          PID    Runtime      # DAGs    # Errors  Last Runtime    Last Run
-------------------------------------------------  -----  ---------  --------  ----------  --------------  -------------------
/opt/airflow/dags/ecommerce_data_pipeline_data.py                           0           1  0.21s           2026-01-05T14:26:14
/opt/airflow/dags/exampledag.py                                             0           1  0.11s           2026-01-05T14:26:15
/opt/airflow/dags/test.py                                                   1           0  0.42s           2026-01-05T14:26:12
================================================================================
[2026-01-05T14:27:10.423+0000] {manager.py:879} INFO - 
================================================================================
DAG File Processing Stats

File Path                                          PID    Runtime      # DAGs    # Errors  Last Runtime    Last Run
-------------------------------------------------  -----  ---------  --------  ----------  --------------  -------------------
/opt/airflow/dags/ecommerce_data_pipeline_data.py                           0           1  0.10s           2026-01-05T14:26:44
/opt/airflow/dags/exampledag.py                                             0           1  0.10s           2026-01-05T14:26:45
/opt/airflow/dags/test.py                                                   1           0  0.21s           2026-01-05T14:26:43
================================================================================
[2026-01-05T14:27:39.331+0000] {manager.py:879} INFO - 
================================================================================
DAG File Processing Stats

File Path                                          PID    Runtime      # DAGs    # Errors  Last Runtime    Last Run
-------------------------------------------------  -----  ---------  --------  ----------  --------------  -------------------
/opt/airflow/dags/ecommerce_data_pipeline_data.py                           0           1  0.11s           2026-01-05T14:27:15
/opt/airflow/dags/exampledag.py                                             0           1  0.11s           2026-01-05T14:27:16
/opt/airflow/dags/test.py                                                   1           0  0.12s           2026-01-05T14:27:14
================================================================================
[2026-01-05T14:28:08.364+0000] {manager.py:879} INFO - 
================================================================================
DAG File Processing Stats

File Path                                          PID    Runtime      # DAGs    # Errors  Last Runtime    Last Run
-------------------------------------------------  -----  ---------  --------  ----------  --------------  -------------------
/opt/airflow/dags/ecommerce_data_pipeline_data.py                           0           1  0.11s           2026-01-05T14:27:46
/opt/airflow/dags/exampledag.py                                             0           1  0.11s           2026-01-05T14:27:47
/opt/airflow/dags/test.py                                                   1           0  0.11s           2026-01-05T14:27:45
================================================================================
[2026-01-05T14:28:37.267+0000] {manager.py:879} INFO - 
================================================================================
DAG File Processing Stats

File Path                                          PID    Runtime      # DAGs    # Errors  Last Runtime    Last Run
-------------------------------------------------  -----  ---------  --------  ----------  --------------  -------------------
/opt/airflow/dags/ecommerce_data_pipeline_data.py                           0           1  0.13s           2026-01-05T14:28:17
/opt/airflow/dags/exampledag.py                                             0           1  0.11s           2026-01-05T14:28:18
/opt/airflow/dags/test.py                                                   1           0  0.11s           2026-01-05T14:28:16
================================================================================
[2026-01-05T14:29:06.042+0000] {manager.py:879} INFO - 
================================================================================
DAG File Processing Stats

File Path                                          PID    Runtime      # DAGs    # Errors  Last Runtime    Last Run
-------------------------------------------------  -----  ---------  --------  ----------  --------------  -------------------
/opt/airflow/dags/ecommerce_data_pipeline_data.py                           0           1  0.11s           2026-01-05T14:28:47
/opt/airflow/dags/exampledag.py                                             0           1  0.11s           2026-01-05T14:28:48
/opt/airflow/dags/test.py                                                   1           0  0.12s           2026-01-05T14:28:47
================================================================================
[2026-01-05T14:29:34.973+0000] {manager.py:879} INFO - 
================================================================================
DAG File Processing Stats

File Path                                          PID    Runtime      # DAGs    # Errors  Last Runtime    Last Run
-------------------------------------------------  -----  ---------  --------  ----------  --------------  -------------------
/opt/airflow/dags/ecommerce_data_pipeline_data.py                           0           1  0.11s           2026-01-05T14:29:17
/opt/airflow/dags/exampledag.py                                             0           1  0.11s           2026-01-05T14:29:18
/opt/airflow/dags/test.py                                                   1           0  0.11s           2026-01-05T14:29:17
================================================================================
[2026-01-05T14:30:03.752+0000] {manager.py:879} INFO - 
================================================================================
DAG File Processing Stats

File Path                                          PID    Runtime      # DAGs    # Errors  Last Runtime    Last Run
-------------------------------------------------  -----  ---------  --------  ----------  --------------  -------------------
/opt/airflow/dags/ecommerce_data_pipeline_data.py                           0           1  0.11s           2026-01-05T14:29:48
/opt/airflow/dags/exampledag.py                                             0           1  0.10s           2026-01-05T14:29:50
/opt/airflow/dags/test.py                                                   1           0  0.22s           2026-01-05T14:29:47
================================================================================
[2026-01-05T14:30:32.765+0000] {manager.py:879} INFO - 
================================================================================
DAG File Processing Stats

File Path                                          PID    Runtime      # DAGs    # Errors  Last Runtime    Last Run
-------------------------------------------------  -----  ---------  --------  ----------  --------------  -------------------
/opt/airflow/dags/ecommerce_data_pipeline_data.py                           0           1  0.11s           2026-01-05T14:30:19
/opt/airflow/dags/exampledag.py                                             0           1  0.10s           2026-01-05T14:30:20
/opt/airflow/dags/test.py                                                   1           0  0.11s           2026-01-05T14:30:18
================================================================================
